{"/home/user/project/assets/dmlt-consolidation-cap/server.js": {"path":"/home/user/project/assets/dmlt-consolidation-cap/server.js","statementMap":{"0":{"start":{"line":11,"column":18},"end":{"line":11,"column":62}},"1":{"start":{"line":12,"column":20},"end":{"line":13,"column":36}},"2":{"start":{"line":16,"column":2},"end":{"line":16,"column":65}},"3":{"start":{"line":16,"column":27},"end":{"line":16,"column":65}},"4":{"start":{"line":19,"column":0},"end":{"line":116,"column":2}},"5":{"start":{"line":22,"column":2},"end":{"line":40,"column":4}},"6":{"start":{"line":23,"column":4},"end":{"line":39,"column":5}},"7":{"start":{"line":24,"column":24},"end":{"line":24,"column":34}},"8":{"start":{"line":25,"column":17},"end":{"line":25,"column":53}},"9":{"start":{"line":26,"column":18},"end":{"line":30,"column":7}},"10":{"start":{"line":31,"column":6},"end":{"line":31,"column":71}},"11":{"start":{"line":31,"column":16},"end":{"line":31,"column":71}},"12":{"start":{"line":32,"column":21},"end":{"line":32,"column":31}},"13":{"start":{"line":33,"column":6},"end":{"line":35,"column":7}},"14":{"start":{"line":34,"column":8},"end":{"line":34,"column":58}},"15":{"start":{"line":36,"column":6},"end":{"line":36,"column":22}},"16":{"start":{"line":38,"column":6},"end":{"line":38,"column":50}},"17":{"start":{"line":43,"column":2},"end":{"line":51,"column":4}},"18":{"start":{"line":44,"column":4},"end":{"line":50,"column":5}},"19":{"start":{"line":45,"column":21},"end":{"line":45,"column":56}},"20":{"start":{"line":46,"column":21},"end":{"line":46,"column":60}},"21":{"start":{"line":47,"column":6},"end":{"line":47,"column":22}},"22":{"start":{"line":49,"column":6},"end":{"line":49,"column":50}},"23":{"start":{"line":53,"column":2},"end":{"line":73,"column":4}},"24":{"start":{"line":54,"column":4},"end":{"line":72,"column":66}},"25":{"start":{"line":55,"column":24},"end":{"line":55,"column":34}},"26":{"start":{"line":56,"column":17},"end":{"line":56,"column":53}},"27":{"start":{"line":57,"column":18},"end":{"line":61,"column":7}},"28":{"start":{"line":62,"column":6},"end":{"line":62,"column":84}},"29":{"start":{"line":62,"column":29},"end":{"line":62,"column":84}},"30":{"start":{"line":63,"column":6},"end":{"line":64,"column":82}},"31":{"start":{"line":64,"column":8},"end":{"line":64,"column":82}},"32":{"start":{"line":65,"column":6},"end":{"line":66,"column":70}},"33":{"start":{"line":66,"column":8},"end":{"line":66,"column":70}},"34":{"start":{"line":67,"column":6},"end":{"line":68,"column":76}},"35":{"start":{"line":69,"column":6},"end":{"line":70,"column":63}},"36":{"start":{"line":71,"column":6},"end":{"line":71,"column":50}},"37":{"start":{"line":72,"column":20},"end":{"line":72,"column":64}},"38":{"start":{"line":76,"column":2},"end":{"line":76,"column":24}},"39":{"start":{"line":78,"column":18},"end":{"line":86,"column":4}},"40":{"start":{"line":80,"column":20},"end":{"line":80,"column":56}},"41":{"start":{"line":81,"column":21},"end":{"line":81,"column":50}},"42":{"start":{"line":82,"column":6},"end":{"line":82,"column":23}},"43":{"start":{"line":83,"column":6},"end":{"line":83,"column":22}},"44":{"start":{"line":85,"column":34},"end":{"line":85,"column":61}},"45":{"start":{"line":87,"column":17},"end":{"line":87,"column":36}},"46":{"start":{"line":90,"column":2},"end":{"line":115,"column":4}},"47":{"start":{"line":91,"column":4},"end":{"line":114,"column":5}},"48":{"start":{"line":92,"column":20},"end":{"line":92,"column":35}},"49":{"start":{"line":93,"column":6},"end":{"line":95,"column":7}},"50":{"start":{"line":94,"column":8},"end":{"line":94,"column":67}},"51":{"start":{"line":97,"column":23},"end":{"line":97,"column":25}},"52":{"start":{"line":98,"column":6},"end":{"line":105,"column":7}},"53":{"start":{"line":99,"column":21},"end":{"line":101,"column":24}},"54":{"start":{"line":102,"column":20},"end":{"line":102,"column":55}},"55":{"start":{"line":103,"column":23},"end":{"line":103,"column":38}},"56":{"start":{"line":104,"column":8},"end":{"line":104,"column":81}},"57":{"start":{"line":107,"column":18},"end":{"line":107,"column":53}},"58":{"start":{"line":108,"column":21},"end":{"line":108,"column":59}},"59":{"start":{"line":110,"column":6},"end":{"line":110,"column":29}},"60":{"start":{"line":112,"column":6},"end":{"line":112,"column":53}},"61":{"start":{"line":113,"column":6},"end":{"line":113,"column":50}}},"fnMap":{"0":{"name":"ensureDir","decl":{"start":{"line":15,"column":9},"end":{"line":15,"column":18}},"loc":{"start":{"line":15,"column":24},"end":{"line":17,"column":1}},"line":15},"1":{"name":"(anonymous_1)","decl":{"start":{"line":19,"column":20},"end":{"line":19,"column":21}},"loc":{"start":{"line":19,"column":29},"end":{"line":116,"column":1}},"line":19},"2":{"name":"(anonymous_2)","decl":{"start":{"line":22,"column":37},"end":{"line":22,"column":38}},"loc":{"start":{"line":22,"column":57},"end":{"line":40,"column":3}},"line":22},"3":{"name":"(anonymous_3)","decl":{"start":{"line":43,"column":32},"end":{"line":43,"column":33}},"loc":{"start":{"line":43,"column":52},"end":{"line":51,"column":3}},"line":43},"4":{"name":"(anonymous_4)","decl":{"start":{"line":53,"column":39},"end":{"line":53,"column":40}},"loc":{"start":{"line":53,"column":59},"end":{"line":73,"column":3}},"line":53},"5":{"name":"(anonymous_5)","decl":{"start":{"line":79,"column":17},"end":{"line":79,"column":18}},"loc":{"start":{"line":79,"column":37},"end":{"line":84,"column":5}},"line":79},"6":{"name":"(anonymous_6)","decl":{"start":{"line":85,"column":14},"end":{"line":85,"column":15}},"loc":{"start":{"line":85,"column":34},"end":{"line":85,"column":61}},"line":85},"7":{"name":"(anonymous_7)","decl":{"start":{"line":90,"column":53},"end":{"line":90,"column":54}},"loc":{"start":{"line":90,"column":73},"end":{"line":115,"column":3}},"line":90}},"branchMap":{"0":{"loc":{"start":{"line":12,"column":20},"end":{"line":13,"column":36}},"type":"binary-expr","locations":[{"start":{"line":12,"column":20},"end":{"line":12,"column":43}},{"start":{"line":13,"column":5},"end":{"line":13,"column":36}}],"line":12},"1":{"loc":{"start":{"line":16,"column":2},"end":{"line":16,"column":65}},"type":"if","locations":[{"start":{"line":16,"column":2},"end":{"line":16,"column":65}},{"start":{},"end":{}}],"line":16},"2":{"loc":{"start":{"line":25,"column":17},"end":{"line":25,"column":53}},"type":"binary-expr","locations":[{"start":{"line":25,"column":17},"end":{"line":25,"column":23}},{"start":{"line":25,"column":27},"end":{"line":25,"column":53}}],"line":25},"3":{"loc":{"start":{"line":31,"column":6},"end":{"line":31,"column":71}},"type":"if","locations":[{"start":{"line":31,"column":6},"end":{"line":31,"column":71}},{"start":{},"end":{}}],"line":31},"4":{"loc":{"start":{"line":33,"column":6},"end":{"line":35,"column":7}},"type":"if","locations":[{"start":{"line":33,"column":6},"end":{"line":35,"column":7}},{"start":{},"end":{}}],"line":33},"5":{"loc":{"start":{"line":33,"column":10},"end":{"line":33,"column":52}},"type":"binary-expr","locations":[{"start":{"line":33,"column":10},"end":{"line":33,"column":35}},{"start":{"line":33,"column":39},"end":{"line":33,"column":52}}],"line":33},"6":{"loc":{"start":{"line":56,"column":17},"end":{"line":56,"column":53}},"type":"binary-expr","locations":[{"start":{"line":56,"column":17},"end":{"line":56,"column":23}},{"start":{"line":56,"column":27},"end":{"line":56,"column":53}}],"line":56},"7":{"loc":{"start":{"line":62,"column":6},"end":{"line":62,"column":84}},"type":"if","locations":[{"start":{"line":62,"column":6},"end":{"line":62,"column":84}},{"start":{},"end":{}}],"line":62},"8":{"loc":{"start":{"line":63,"column":6},"end":{"line":64,"column":82}},"type":"if","locations":[{"start":{"line":63,"column":6},"end":{"line":64,"column":82}},{"start":{},"end":{}}],"line":63},"9":{"loc":{"start":{"line":65,"column":6},"end":{"line":66,"column":70}},"type":"if","locations":[{"start":{"line":65,"column":6},"end":{"line":66,"column":70}},{"start":{},"end":{}}],"line":65},"10":{"loc":{"start":{"line":65,"column":10},"end":{"line":65,"column":57}},"type":"binary-expr","locations":[{"start":{"line":65,"column":10},"end":{"line":65,"column":24}},{"start":{"line":65,"column":28},"end":{"line":65,"column":57}}],"line":65},"11":{"loc":{"start":{"line":80,"column":20},"end":{"line":80,"column":56}},"type":"binary-expr","locations":[{"start":{"line":80,"column":20},"end":{"line":80,"column":43}},{"start":{"line":80,"column":47},"end":{"line":80,"column":56}}],"line":80},"12":{"loc":{"start":{"line":92,"column":20},"end":{"line":92,"column":35}},"type":"binary-expr","locations":[{"start":{"line":92,"column":20},"end":{"line":92,"column":29}},{"start":{"line":92,"column":33},"end":{"line":92,"column":35}}],"line":92},"13":{"loc":{"start":{"line":93,"column":6},"end":{"line":95,"column":7}},"type":"if","locations":[{"start":{"line":93,"column":6},"end":{"line":95,"column":7}},{"start":{},"end":{}}],"line":93},"14":{"loc":{"start":{"line":104,"column":25},"end":{"line":104,"column":81}},"type":"cond-expr","locations":[{"start":{"line":104,"column":49},"end":{"line":104,"column":55}},{"start":{"line":104,"column":59},"end":{"line":104,"column":80}}],"line":104},"15":{"loc":{"start":{"line":104,"column":59},"end":{"line":104,"column":80}},"type":"binary-expr","locations":[{"start":{"line":104,"column":59},"end":{"line":104,"column":70}},{"start":{"line":104,"column":74},"end":{"line":104,"column":80}}],"line":104}},"s":{"0":1,"1":1,"2":1,"3":0,"4":1,"5":1,"6":0,"7":0,"8":0,"9":0,"10":0,"11":0,"12":0,"13":0,"14":0,"15":0,"16":0,"17":1,"18":0,"19":0,"20":0,"21":0,"22":0,"23":1,"24":0,"25":0,"26":0,"27":0,"28":0,"29":0,"30":0,"31":0,"32":0,"33":0,"34":0,"35":0,"36":0,"37":0,"38":1,"39":1,"40":0,"41":0,"42":0,"43":0,"44":0,"45":1,"46":1,"47":0,"48":0,"49":0,"50":0,"51":0,"52":0,"53":0,"54":0,"55":0,"56":0,"57":0,"58":0,"59":0,"60":0,"61":0},"f":{"0":1,"1":1,"2":0,"3":0,"4":0,"5":0,"6":0,"7":0},"b":{"0":[1,1],"1":[0,1],"2":[0,0],"3":[0,0],"4":[0,0],"5":[0,0],"6":[0,0],"7":[0,0],"8":[0,0],"9":[0,0],"10":[0,0],"11":[0,0],"12":[0,0],"13":[0,0],"14":[0,0],"15":[0,0]},"inputSourceMap":null,"_coverageSchema":"1a1c01bbd47fc00a2c39e90264f33305004495a9","hash":"23c018898a496e3276093474ac5fe416225a47e8"}
,"/home/user/project/assets/dmlt-consolidation-cap/srv/dmlt-service.js": {"path":"/home/user/project/assets/dmlt-consolidation-cap/srv/dmlt-service.js","statementMap":{"0":{"start":{"line":6,"column":18},"end":{"line":6,"column":62}},"1":{"start":{"line":8,"column":20},"end":{"line":9,"column":42}},"2":{"start":{"line":10,"column":20},"end":{"line":10,"column":68}},"3":{"start":{"line":12,"column":26},"end":{"line":12,"column":71}},"4":{"start":{"line":14,"column":23},"end":{"line":20,"column":1}},"5":{"start":{"line":23,"column":2},"end":{"line":23,"column":65}},"6":{"start":{"line":23,"column":27},"end":{"line":23,"column":65}},"7":{"start":{"line":27,"column":17},"end":{"line":27,"column":19}},"8":{"start":{"line":28,"column":2},"end":{"line":31,"column":3}},"9":{"start":{"line":29,"column":4},"end":{"line":29,"column":79}},"10":{"start":{"line":30,"column":4},"end":{"line":30,"column":17}},"11":{"start":{"line":32,"column":19},"end":{"line":32,"column":45}},"12":{"start":{"line":33,"column":19},"end":{"line":33,"column":26}},"13":{"start":{"line":34,"column":2},"end":{"line":38,"column":3}},"14":{"start":{"line":35,"column":4},"end":{"line":37,"column":5}},"15":{"start":{"line":36,"column":6},"end":{"line":36,"column":81}},"16":{"start":{"line":39,"column":2},"end":{"line":39,"column":15}},"17":{"start":{"line":43,"column":15},"end":{"line":47,"column":4}},"18":{"start":{"line":48,"column":2},"end":{"line":51,"column":3}},"19":{"start":{"line":49,"column":16},"end":{"line":49,"column":33}},"20":{"start":{"line":50,"column":4},"end":{"line":50,"column":60}},"21":{"start":{"line":52,"column":2},"end":{"line":52,"column":20}},"22":{"start":{"line":58,"column":53},"end":{"line":58,"column":66}},"23":{"start":{"line":60,"column":24},"end":{"line":60,"column":42}},"24":{"start":{"line":63,"column":4},"end":{"line":123,"column":6}},"25":{"start":{"line":64,"column":23},"end":{"line":64,"column":37}},"26":{"start":{"line":66,"column":23},"end":{"line":66,"column":36}},"27":{"start":{"line":67,"column":6},"end":{"line":69,"column":7}},"28":{"start":{"line":68,"column":8},"end":{"line":68,"column":76}},"29":{"start":{"line":68,"column":14},"end":{"line":68,"column":45}},"30":{"start":{"line":70,"column":6},"end":{"line":70,"column":68}},"31":{"start":{"line":70,"column":53},"end":{"line":70,"column":68}},"32":{"start":{"line":73,"column":22},"end":{"line":73,"column":69}},"33":{"start":{"line":73,"column":52},"end":{"line":73,"column":68}},"34":{"start":{"line":74,"column":6},"end":{"line":77,"column":7}},"35":{"start":{"line":75,"column":8},"end":{"line":76,"column":102}},"36":{"start":{"line":80,"column":31},"end":{"line":80,"column":33}},"37":{"start":{"line":81,"column":6},"end":{"line":83,"column":7}},"38":{"start":{"line":82,"column":8},"end":{"line":82,"column":77}},"39":{"start":{"line":84,"column":6},"end":{"line":86,"column":7}},"40":{"start":{"line":85,"column":8},"end":{"line":85,"column":76}},"41":{"start":{"line":89,"column":25},"end":{"line":89,"column":46}},"42":{"start":{"line":90,"column":25},"end":{"line":90,"column":76}},"43":{"start":{"line":90,"column":57},"end":{"line":90,"column":66}},"44":{"start":{"line":91,"column":25},"end":{"line":93,"column":30}},"45":{"start":{"line":94,"column":25},"end":{"line":94,"column":64}},"46":{"start":{"line":97,"column":22},"end":{"line":97,"column":38}},"47":{"start":{"line":98,"column":6},"end":{"line":101,"column":8}},"48":{"start":{"line":104,"column":6},"end":{"line":110,"column":7}},"49":{"start":{"line":105,"column":36},"end":{"line":109,"column":9}},"50":{"start":{"line":113,"column":21},"end":{"line":113,"column":53}},"51":{"start":{"line":114,"column":6},"end":{"line":114,"column":23}},"52":{"start":{"line":115,"column":6},"end":{"line":120,"column":7}},"53":{"start":{"line":116,"column":8},"end":{"line":119,"column":9}},"54":{"start":{"line":122,"column":6},"end":{"line":122,"column":110}},"55":{"start":{"line":126,"column":4},"end":{"line":162,"column":6}},"56":{"start":{"line":127,"column":20},"end":{"line":127,"column":54}},"57":{"start":{"line":128,"column":20},"end":{"line":128,"column":68}},"58":{"start":{"line":130,"column":6},"end":{"line":130,"column":64}},"59":{"start":{"line":130,"column":16},"end":{"line":130,"column":64}},"60":{"start":{"line":131,"column":6},"end":{"line":131,"column":95}},"61":{"start":{"line":131,"column":37},"end":{"line":131,"column":95}},"62":{"start":{"line":132,"column":6},"end":{"line":134,"column":7}},"63":{"start":{"line":133,"column":8},"end":{"line":133,"column":69}},"64":{"start":{"line":136,"column":26},"end":{"line":137,"column":63}},"65":{"start":{"line":139,"column":23},"end":{"line":139,"column":25}},"66":{"start":{"line":140,"column":6},"end":{"line":142,"column":7}},"67":{"start":{"line":141,"column":8},"end":{"line":141,"column":100}},"68":{"start":{"line":141,"column":14},"end":{"line":141,"column":61}},"69":{"start":{"line":141,"column":72},"end":{"line":141,"column":98}},"70":{"start":{"line":144,"column":6},"end":{"line":144,"column":63}},"71":{"start":{"line":146,"column":25},"end":{"line":152,"column":7}},"72":{"start":{"line":154,"column":6},"end":{"line":159,"column":8}},"73":{"start":{"line":155,"column":8},"end":{"line":155,"column":63}},"74":{"start":{"line":156,"column":8},"end":{"line":158,"column":10}},"75":{"start":{"line":161,"column":6},"end":{"line":161,"column":52}},"76":{"start":{"line":165,"column":4},"end":{"line":220,"column":6}},"77":{"start":{"line":166,"column":69},"end":{"line":166,"column":77}},"78":{"start":{"line":167,"column":6},"end":{"line":167,"column":61}},"79":{"start":{"line":167,"column":18},"end":{"line":167,"column":61}},"80":{"start":{"line":169,"column":18},"end":{"line":170,"column":55}},"81":{"start":{"line":171,"column":6},"end":{"line":171,"column":64}},"82":{"start":{"line":171,"column":16},"end":{"line":171,"column":64}},"83":{"start":{"line":173,"column":22},"end":{"line":173,"column":28}},"84":{"start":{"line":175,"column":6},"end":{"line":219,"column":7}},"85":{"start":{"line":176,"column":8},"end":{"line":188,"column":9}},"86":{"start":{"line":177,"column":26},"end":{"line":177,"column":56}},"87":{"start":{"line":178,"column":10},"end":{"line":187,"column":11}},"88":{"start":{"line":179,"column":12},"end":{"line":186,"column":13}},"89":{"start":{"line":180,"column":32},"end":{"line":185,"column":15}},"90":{"start":{"line":190,"column":8},"end":{"line":201,"column":9}},"91":{"start":{"line":191,"column":27},"end":{"line":191,"column":49}},"92":{"start":{"line":192,"column":10},"end":{"line":200,"column":11}},"93":{"start":{"line":193,"column":12},"end":{"line":199,"column":13}},"94":{"start":{"line":194,"column":33},"end":{"line":198,"column":15}},"95":{"start":{"line":203,"column":24},"end":{"line":203,"column":28}},"96":{"start":{"line":204,"column":8},"end":{"line":209,"column":9}},"97":{"start":{"line":205,"column":25},"end":{"line":205,"column":58}},"98":{"start":{"line":206,"column":10},"end":{"line":206,"column":27}},"99":{"start":{"line":207,"column":10},"end":{"line":207,"column":54}},"100":{"start":{"line":208,"column":10},"end":{"line":208,"column":73}},"101":{"start":{"line":211,"column":8},"end":{"line":211,"column":75}},"102":{"start":{"line":212,"column":8},"end":{"line":212,"column":71}},"103":{"start":{"line":215,"column":8},"end":{"line":217,"column":10}},"104":{"start":{"line":218,"column":8},"end":{"line":218,"column":55}},"105":{"start":{"line":225,"column":4},"end":{"line":225,"column":22}}},"fnMap":{"0":{"name":"ensureDir","decl":{"start":{"line":22,"column":9},"end":{"line":22,"column":18}},"loc":{"start":{"line":22,"column":24},"end":{"line":24,"column":1}},"line":22},"1":{"name":"validateSection","decl":{"start":{"line":26,"column":9},"end":{"line":26,"column":24}},"loc":{"start":{"line":26,"column":37},"end":{"line":40,"column":1}},"line":26},"2":{"name":"callAgent","decl":{"start":{"line":42,"column":15},"end":{"line":42,"column":24}},"loc":{"start":{"line":42,"column":37},"end":{"line":53,"column":1}},"line":42},"3":{"name":"(anonymous_3)","decl":{"start":{"line":57,"column":2},"end":{"line":57,"column":3}},"loc":{"start":{"line":57,"column":15},"end":{"line":226,"column":3}},"line":57},"4":{"name":"(anonymous_4)","decl":{"start":{"line":63,"column":22},"end":{"line":63,"column":23}},"loc":{"start":{"line":63,"column":37},"end":{"line":123,"column":5}},"line":63},"5":{"name":"(anonymous_5)","decl":{"start":{"line":73,"column":47},"end":{"line":73,"column":48}},"loc":{"start":{"line":73,"column":52},"end":{"line":73,"column":68}},"line":73},"6":{"name":"(anonymous_6)","decl":{"start":{"line":90,"column":52},"end":{"line":90,"column":53}},"loc":{"start":{"line":90,"column":57},"end":{"line":90,"column":66}},"line":90},"7":{"name":"(anonymous_7)","decl":{"start":{"line":105,"column":30},"end":{"line":105,"column":31}},"loc":{"start":{"line":105,"column":36},"end":{"line":109,"column":9}},"line":105},"8":{"name":"(anonymous_8)","decl":{"start":{"line":126,"column":35},"end":{"line":126,"column":36}},"loc":{"start":{"line":126,"column":50},"end":{"line":162,"column":5}},"line":126},"9":{"name":"(anonymous_9)","decl":{"start":{"line":154,"column":34},"end":{"line":154,"column":35}},"loc":{"start":{"line":154,"column":49},"end":{"line":159,"column":7}},"line":154},"10":{"name":"(anonymous_10)","decl":{"start":{"line":165,"column":27},"end":{"line":165,"column":28}},"loc":{"start":{"line":165,"column":42},"end":{"line":220,"column":5}},"line":165},"11":{"name":"(anonymous_11)","decl":{"start":{"line":180,"column":26},"end":{"line":180,"column":27}},"loc":{"start":{"line":180,"column":32},"end":{"line":185,"column":15}},"line":180},"12":{"name":"(anonymous_12)","decl":{"start":{"line":194,"column":27},"end":{"line":194,"column":28}},"loc":{"start":{"line":194,"column":33},"end":{"line":198,"column":15}},"line":194}},"branchMap":{"0":{"loc":{"start":{"line":8,"column":20},"end":{"line":9,"column":42}},"type":"binary-expr","locations":[{"start":{"line":8,"column":20},"end":{"line":8,"column":43}},{"start":{"line":9,"column":5},"end":{"line":9,"column":42}}],"line":8},"1":{"loc":{"start":{"line":10,"column":20},"end":{"line":10,"column":68}},"type":"binary-expr","locations":[{"start":{"line":10,"column":20},"end":{"line":10,"column":41}},{"start":{"line":10,"column":45},"end":{"line":10,"column":68}}],"line":10},"2":{"loc":{"start":{"line":23,"column":2},"end":{"line":23,"column":65}},"type":"if","locations":[{"start":{"line":23,"column":2},"end":{"line":23,"column":65}},{"start":{},"end":{}}],"line":23},"3":{"loc":{"start":{"line":28,"column":2},"end":{"line":31,"column":3}},"type":"if","locations":[{"start":{"line":28,"column":2},"end":{"line":31,"column":3}},{"start":{},"end":{}}],"line":28},"4":{"loc":{"start":{"line":28,"column":6},"end":{"line":28,"column":47}},"type":"binary-expr","locations":[{"start":{"line":28,"column":6},"end":{"line":28,"column":26}},{"start":{"line":28,"column":30},"end":{"line":28,"column":47}}],"line":28},"5":{"loc":{"start":{"line":32,"column":19},"end":{"line":32,"column":45}},"type":"binary-expr","locations":[{"start":{"line":32,"column":19},"end":{"line":32,"column":39}},{"start":{"line":32,"column":43},"end":{"line":32,"column":45}}],"line":32},"6":{"loc":{"start":{"line":35,"column":4},"end":{"line":37,"column":5}},"type":"if","locations":[{"start":{"line":35,"column":4},"end":{"line":37,"column":5}},{"start":{},"end":{}}],"line":35},"7":{"loc":{"start":{"line":48,"column":2},"end":{"line":51,"column":3}},"type":"if","locations":[{"start":{"line":48,"column":2},"end":{"line":51,"column":3}},{"start":{},"end":{}}],"line":48},"8":{"loc":{"start":{"line":64,"column":23},"end":{"line":64,"column":37}},"type":"binary-expr","locations":[{"start":{"line":64,"column":23},"end":{"line":64,"column":31}},{"start":{"line":64,"column":35},"end":{"line":64,"column":37}}],"line":64},"9":{"loc":{"start":{"line":67,"column":6},"end":{"line":69,"column":7}},"type":"if","locations":[{"start":{"line":67,"column":6},"end":{"line":69,"column":7}},{"start":{},"end":{}}],"line":67},"10":{"loc":{"start":{"line":70,"column":6},"end":{"line":70,"column":68}},"type":"if","locations":[{"start":{"line":70,"column":6},"end":{"line":70,"column":68}},{"start":{},"end":{}}],"line":70},"11":{"loc":{"start":{"line":70,"column":10},"end":{"line":70,"column":51}},"type":"binary-expr","locations":[{"start":{"line":70,"column":10},"end":{"line":70,"column":19}},{"start":{"line":70,"column":23},"end":{"line":70,"column":51}}],"line":70},"12":{"loc":{"start":{"line":74,"column":6},"end":{"line":77,"column":7}},"type":"if","locations":[{"start":{"line":74,"column":6},"end":{"line":77,"column":7}},{"start":{},"end":{}}],"line":74},"13":{"loc":{"start":{"line":84,"column":6},"end":{"line":86,"column":7}},"type":"if","locations":[{"start":{"line":84,"column":6},"end":{"line":86,"column":7}},{"start":{},"end":{}}],"line":84},"14":{"loc":{"start":{"line":89,"column":25},"end":{"line":89,"column":46}},"type":"binary-expr","locations":[{"start":{"line":89,"column":25},"end":{"line":89,"column":40}},{"start":{"line":89,"column":44},"end":{"line":89,"column":46}}],"line":89},"15":{"loc":{"start":{"line":91,"column":25},"end":{"line":93,"column":30}},"type":"binary-expr","locations":[{"start":{"line":91,"column":25},"end":{"line":91,"column":52}},{"start":{"line":92,"column":11},"end":{"line":92,"column":38}},{"start":{"line":93,"column":11},"end":{"line":93,"column":30}}],"line":91},"16":{"loc":{"start":{"line":94,"column":25},"end":{"line":94,"column":64}},"type":"binary-expr","locations":[{"start":{"line":94,"column":25},"end":{"line":94,"column":58}},{"start":{"line":94,"column":62},"end":{"line":94,"column":64}}],"line":94},"17":{"loc":{"start":{"line":127,"column":20},"end":{"line":127,"column":54}},"type":"binary-expr","locations":[{"start":{"line":127,"column":20},"end":{"line":127,"column":37}},{"start":{"line":127,"column":41},"end":{"line":127,"column":54}}],"line":127},"18":{"loc":{"start":{"line":130,"column":6},"end":{"line":130,"column":64}},"type":"if","locations":[{"start":{"line":130,"column":6},"end":{"line":130,"column":64}},{"start":{},"end":{}}],"line":130},"19":{"loc":{"start":{"line":131,"column":6},"end":{"line":131,"column":95}},"type":"if","locations":[{"start":{"line":131,"column":6},"end":{"line":131,"column":95}},{"start":{},"end":{}}],"line":131},"20":{"loc":{"start":{"line":132,"column":6},"end":{"line":134,"column":7}},"type":"if","locations":[{"start":{"line":132,"column":6},"end":{"line":134,"column":7}},{"start":{},"end":{}}],"line":132},"21":{"loc":{"start":{"line":149,"column":18},"end":{"line":149,"column":48}},"type":"binary-expr","locations":[{"start":{"line":149,"column":18},"end":{"line":149,"column":42}},{"start":{"line":149,"column":46},"end":{"line":149,"column":48}}],"line":149},"22":{"loc":{"start":{"line":151,"column":24},"end":{"line":151,"column":70}},"type":"binary-expr","locations":[{"start":{"line":151,"column":24},"end":{"line":151,"column":43}},{"start":{"line":151,"column":47},"end":{"line":151,"column":70}}],"line":151},"23":{"loc":{"start":{"line":167,"column":6},"end":{"line":167,"column":61}},"type":"if","locations":[{"start":{"line":167,"column":6},"end":{"line":167,"column":61}},{"start":{},"end":{}}],"line":167},"24":{"loc":{"start":{"line":169,"column":18},"end":{"line":170,"column":55}},"type":"binary-expr","locations":[{"start":{"line":169,"column":18},"end":{"line":169,"column":66}},{"start":{"line":170,"column":11},"end":{"line":170,"column":55}}],"line":169},"25":{"loc":{"start":{"line":171,"column":6},"end":{"line":171,"column":64}},"type":"if","locations":[{"start":{"line":171,"column":6},"end":{"line":171,"column":64}},{"start":{},"end":{}}],"line":171},"26":{"loc":{"start":{"line":176,"column":8},"end":{"line":188,"column":9}},"type":"if","locations":[{"start":{"line":176,"column":8},"end":{"line":188,"column":9}},{"start":{},"end":{}}],"line":176},"27":{"loc":{"start":{"line":178,"column":10},"end":{"line":187,"column":11}},"type":"if","locations":[{"start":{"line":178,"column":10},"end":{"line":187,"column":11}},{"start":{},"end":{}}],"line":178},"28":{"loc":{"start":{"line":178,"column":14},"end":{"line":178,"column":58}},"type":"binary-expr","locations":[{"start":{"line":178,"column":14},"end":{"line":178,"column":36}},{"start":{"line":178,"column":40},"end":{"line":178,"column":58}}],"line":178},"29":{"loc":{"start":{"line":190,"column":8},"end":{"line":201,"column":9}},"type":"if","locations":[{"start":{"line":190,"column":8},"end":{"line":201,"column":9}},{"start":{},"end":{}}],"line":190},"30":{"loc":{"start":{"line":192,"column":10},"end":{"line":200,"column":11}},"type":"if","locations":[{"start":{"line":192,"column":10},"end":{"line":200,"column":11}},{"start":{},"end":{}}],"line":192},"31":{"loc":{"start":{"line":192,"column":14},"end":{"line":192,"column":60}},"type":"binary-expr","locations":[{"start":{"line":192,"column":14},"end":{"line":192,"column":37}},{"start":{"line":192,"column":41},"end":{"line":192,"column":60}}],"line":192},"32":{"loc":{"start":{"line":204,"column":8},"end":{"line":209,"column":9}},"type":"if","locations":[{"start":{"line":204,"column":8},"end":{"line":209,"column":9}},{"start":{},"end":{}}],"line":204}},"s":{"0":1,"1":1,"2":1,"3":1,"4":1,"5":2,"6":0,"7":10,"8":10,"9":0,"10":0,"11":10,"12":10,"13":10,"14":52,"15":0,"16":10,"17":0,"18":0,"19":0,"20":0,"21":0,"22":1,"23":1,"24":1,"25":3,"26":3,"27":3,"28":3,"29":3,"30":3,"31":0,"32":3,"33":15,"34":3,"35":1,"36":2,"37":2,"38":10,"39":2,"40":0,"41":2,"42":2,"43":2,"44":2,"45":2,"46":2,"47":2,"48":2,"49":10,"50":2,"51":2,"52":2,"53":10,"54":2,"55":1,"56":0,"57":0,"58":0,"59":0,"60":0,"61":0,"62":0,"63":0,"64":0,"65":0,"66":0,"67":0,"68":0,"69":0,"70":0,"71":0,"72":0,"73":0,"74":0,"75":0,"76":1,"77":1,"78":1,"79":0,"80":1,"81":1,"82":0,"83":1,"84":1,"85":1,"86":1,"87":1,"88":1,"89":1,"90":1,"91":1,"92":1,"93":1,"94":1,"95":1,"96":1,"97":0,"98":0,"99":0,"100":0,"101":1,"102":1,"103":0,"104":0,"105":1},"f":{"0":2,"1":10,"2":0,"3":1,"4":3,"5":15,"6":2,"7":10,"8":0,"9":0,"10":1,"11":1,"12":1},"b":{"0":[1,1],"1":[1,1],"2":[0,2],"3":[0,10],"4":[10,10],"5":[10,0],"6":[0,52],"7":[0,0],"8":[3,0],"9":[3,0],"10":[0,3],"11":[3,3],"12":[1,2],"13":[0,2],"14":[2,0],"15":[2,0,0],"16":[2,2],"17":[0,0],"18":[0,0],"19":[0,0],"20":[0,0],"21":[0,0],"22":[0,0],"23":[0,1],"24":[1,0],"25":[0,1],"26":[1,0],"27":[1,0],"28":[1,1],"29":[1,0],"30":[1,0],"31":[1,1],"32":[0,1]},"inputSourceMap":null,"_coverageSchema":"1a1c01bbd47fc00a2c39e90264f33305004495a9","hash":"45e054504a0b48c520128b915fac0aa510a0edd8"}
}
