TN:
SF:server.js
FN:15,ensureDir
FN:19,(anonymous_1)
FN:22,(anonymous_2)
FN:43,(anonymous_3)
FN:53,(anonymous_4)
FN:79,(anonymous_5)
FN:85,(anonymous_6)
FN:90,(anonymous_7)
FNF:8
FNH:2
FNDA:1,ensureDir
FNDA:1,(anonymous_1)
FNDA:0,(anonymous_2)
FNDA:0,(anonymous_3)
FNDA:0,(anonymous_4)
FNDA:0,(anonymous_5)
FNDA:0,(anonymous_6)
FNDA:0,(anonymous_7)
DA:11,1
DA:12,1
DA:16,1
DA:19,1
DA:22,1
DA:23,0
DA:24,0
DA:25,0
DA:26,0
DA:31,0
DA:32,0
DA:33,0
DA:34,0
DA:36,0
DA:38,0
DA:43,1
DA:44,0
DA:45,0
DA:46,0
DA:47,0
DA:49,0
DA:53,1
DA:54,0
DA:55,0
DA:56,0
DA:57,0
DA:62,0
DA:63,0
DA:64,0
DA:65,0
DA:66,0
DA:67,0
DA:69,0
DA:71,0
DA:72,0
DA:76,1
DA:78,1
DA:80,0
DA:81,0
DA:82,0
DA:83,0
DA:85,0
DA:87,1
DA:90,1
DA:91,0
DA:92,0
DA:93,0
DA:94,0
DA:97,0
DA:98,0
DA:99,0
DA:102,0
DA:103,0
DA:104,0
DA:107,0
DA:108,0
DA:110,0
DA:112,0
DA:113,0
LF:59
LH:11
BRDA:12,0,0,1
BRDA:12,0,1,1
BRDA:16,1,0,0
BRDA:16,1,1,1
BRDA:25,2,0,0
BRDA:25,2,1,0
BRDA:31,3,0,0
BRDA:31,3,1,0
BRDA:33,4,0,0
BRDA:33,4,1,0
BRDA:33,5,0,0
BRDA:33,5,1,0
BRDA:56,6,0,0
BRDA:56,6,1,0
BRDA:62,7,0,0
BRDA:62,7,1,0
BRDA:63,8,0,0
BRDA:63,8,1,0
BRDA:65,9,0,0
BRDA:65,9,1,0
BRDA:65,10,0,0
BRDA:65,10,1,0
BRDA:80,11,0,0
BRDA:80,11,1,0
BRDA:92,12,0,0
BRDA:92,12,1,0
BRDA:93,13,0,0
BRDA:93,13,1,0
BRDA:104,14,0,0
BRDA:104,14,1,0
BRDA:104,15,0,0
BRDA:104,15,1,0
BRF:32
BRH:3
end_of_record
TN:
SF:srv/dmlt-service.js
FN:22,ensureDir
FN:26,validateSection
FN:42,callAgent
FN:57,(anonymous_3)
FN:63,(anonymous_4)
FN:73,(anonymous_5)
FN:90,(anonymous_6)
FN:105,(anonymous_7)
FN:126,(anonymous_8)
FN:154,(anonymous_9)
FN:165,(anonymous_10)
FN:180,(anonymous_11)
FN:194,(anonymous_12)
FNF:13
FNH:10
FNDA:2,ensureDir
FNDA:10,validateSection
FNDA:0,callAgent
FNDA:1,(anonymous_3)
FNDA:3,(anonymous_4)
FNDA:15,(anonymous_5)
FNDA:2,(anonymous_6)
FNDA:10,(anonymous_7)
FNDA:0,(anonymous_8)
FNDA:0,(anonymous_9)
FNDA:1,(anonymous_10)
FNDA:1,(anonymous_11)
FNDA:1,(anonymous_12)
DA:6,1
DA:8,1
DA:10,1
DA:12,1
DA:14,1
DA:23,2
DA:27,10
DA:28,10
DA:29,0
DA:30,0
DA:32,10
DA:33,10
DA:34,10
DA:35,52
DA:36,0
DA:39,10
DA:43,0
DA:48,0
DA:49,0
DA:50,0
DA:52,0
DA:58,1
DA:60,1
DA:63,1
DA:64,3
DA:66,3
DA:67,3
DA:68,3
DA:70,3
DA:73,15
DA:74,3
DA:75,1
DA:80,2
DA:81,2
DA:82,10
DA:84,2
DA:85,0
DA:89,2
DA:90,2
DA:91,2
DA:94,2
DA:97,2
DA:98,2
DA:104,2
DA:105,10
DA:113,2
DA:114,2
DA:115,2
DA:116,10
DA:122,2
DA:126,1
DA:127,0
DA:128,0
DA:130,0
DA:131,0
DA:132,0
DA:133,0
DA:136,0
DA:139,0
DA:140,0
DA:141,0
DA:144,0
DA:146,0
DA:154,0
DA:155,0
DA:156,0
DA:161,0
DA:165,1
DA:166,1
DA:167,1
DA:169,1
DA:171,1
DA:173,1
DA:175,1
DA:176,1
DA:177,1
DA:178,1
DA:179,1
DA:180,1
DA:190,1
DA:191,1
DA:192,1
DA:193,1
DA:194,1
DA:203,1
DA:204,1
DA:205,0
DA:206,0
DA:207,0
DA:208,0
DA:211,1
DA:212,1
DA:215,0
DA:218,0
DA:225,1
LF:95
LH:64
BRDA:8,0,0,1
BRDA:8,0,1,1
BRDA:10,1,0,1
BRDA:10,1,1,1
BRDA:23,2,0,0
BRDA:23,2,1,2
BRDA:28,3,0,0
BRDA:28,3,1,10
BRDA:28,4,0,10
BRDA:28,4,1,10
BRDA:32,5,0,10
BRDA:32,5,1,0
BRDA:35,6,0,0
BRDA:35,6,1,52
BRDA:48,7,0,0
BRDA:48,7,1,0
BRDA:64,8,0,3
BRDA:64,8,1,0
BRDA:67,9,0,3
BRDA:67,9,1,0
BRDA:70,10,0,0
BRDA:70,10,1,3
BRDA:70,11,0,3
BRDA:70,11,1,3
BRDA:74,12,0,1
BRDA:74,12,1,2
BRDA:84,13,0,0
BRDA:84,13,1,2
BRDA:89,14,0,2
BRDA:89,14,1,0
BRDA:91,15,0,2
BRDA:91,15,1,0
BRDA:91,15,2,0
BRDA:94,16,0,2
BRDA:94,16,1,2
BRDA:127,17,0,0
BRDA:127,17,1,0
BRDA:130,18,0,0
BRDA:130,18,1,0
BRDA:131,19,0,0
BRDA:131,19,1,0
BRDA:132,20,0,0
BRDA:132,20,1,0
BRDA:149,21,0,0
BRDA:149,21,1,0
BRDA:151,22,0,0
BRDA:151,22,1,0
BRDA:167,23,0,0
BRDA:167,23,1,1
BRDA:169,24,0,1
BRDA:169,24,1,0
BRDA:171,25,0,0
BRDA:171,25,1,1
BRDA:176,26,0,1
BRDA:176,26,1,0
BRDA:178,27,0,1
BRDA:178,27,1,0
BRDA:178,28,0,1
BRDA:178,28,1,1
BRDA:190,29,0,1
BRDA:190,29,1,0
BRDA:192,30,0,1
BRDA:192,30,1,0
BRDA:192,31,0,1
BRDA:192,31,1,1
BRDA:204,32,0,0
BRDA:204,32,1,1
BRF:67
BRH:34
end_of_record
